05/09/2024 04:26:17 PM - DFINE Logger - INFO - Epoch 1, TRAIN
1_step_mse: 0.85620
2_steps_mse: 0.85997
3_steps_mse: 0.86429
4_steps_mse: 0.86877
reg_loss: 0.00000, scale_l2: 0.00000
model_loss: 3.44923, total_loss: 3.44923

05/09/2024 04:26:24 PM - DFINE Logger - INFO - Epoch 1, VALID
1_step_mse: 0.60162
2_steps_mse: 0.60788
3_steps_mse: 0.61553
4_steps_mse: 0.62450
reg_loss: 0.00000, scale_l2: 0.00000
model_loss: 2.44953, total_loss: 2.44953

05/09/2024 04:27:09 PM - DFINE Logger - INFO - Epoch 10, TRAIN
1_step_mse: 0.18082
2_steps_mse: 0.17986
3_steps_mse: 0.18023
4_steps_mse: 0.18192
reg_loss: 0.00000, scale_l2: 0.00000
model_loss: 0.72282, total_loss: 0.72282

05/09/2024 04:27:09 PM - DFINE Logger - INFO - Epoch 10, VALID
1_step_mse: 0.17465
2_steps_mse: 0.17666
3_steps_mse: 0.17961
4_steps_mse: 0.18361
reg_loss: 0.00000, scale_l2: 0.00000
model_loss: 0.71453, total_loss: 0.71453

05/09/2024 04:27:59 PM - DFINE Logger - INFO - Epoch 20, TRAIN
1_step_mse: 0.15965
2_steps_mse: 0.15977
3_steps_mse: 0.16050
4_steps_mse: 0.16180
reg_loss: 0.00000, scale_l2: 0.00000
model_loss: 0.64171, total_loss: 0.64171

05/09/2024 04:28:00 PM - DFINE Logger - INFO - Epoch 20, VALID
1_step_mse: 0.18959
2_steps_mse: 0.19005
3_steps_mse: 0.19116
4_steps_mse: 0.19283
reg_loss: 0.00000, scale_l2: 0.00000
model_loss: 0.76363, total_loss: 0.76363

05/09/2024 04:28:47 PM - DFINE Logger - INFO - Epoch 30, TRAIN
1_step_mse: 0.15946
2_steps_mse: 0.15974
3_steps_mse: 0.16027
4_steps_mse: 0.16103
reg_loss: 0.00000, scale_l2: 0.00000
model_loss: 0.64051, total_loss: 0.64051

05/09/2024 04:28:48 PM - DFINE Logger - INFO - Epoch 30, VALID
1_step_mse: 0.15989
2_steps_mse: 0.15996
3_steps_mse: 0.16024
4_steps_mse: 0.16073
reg_loss: 0.00000, scale_l2: 0.00000
model_loss: 0.64082, total_loss: 0.64082

05/09/2024 04:29:40 PM - DFINE Logger - INFO - Epoch 40, TRAIN
1_step_mse: 0.15221
2_steps_mse: 0.15240
3_steps_mse: 0.15276
4_steps_mse: 0.15328
reg_loss: 0.00000, scale_l2: 0.00000
model_loss: 0.61065, total_loss: 0.61065

05/09/2024 04:29:40 PM - DFINE Logger - INFO - Epoch 40, VALID
1_step_mse: 0.15361
2_steps_mse: 0.15422
3_steps_mse: 0.15496
4_steps_mse: 0.15584
reg_loss: 0.00000, scale_l2: 0.00000
model_loss: 0.61863, total_loss: 0.61863

05/09/2024 04:30:42 PM - DFINE Logger - INFO - Epoch 50, TRAIN
1_step_mse: 0.15236
2_steps_mse: 0.15258
3_steps_mse: 0.15299
4_steps_mse: 0.15354
reg_loss: 0.00000, scale_l2: 0.00000
model_loss: 0.61147, total_loss: 0.61147

05/09/2024 04:30:54 PM - DFINE Logger - INFO - Epoch 50, VALID
1_step_mse: 0.15233
2_steps_mse: 0.15267
3_steps_mse: 0.15315
4_steps_mse: 0.15376
reg_loss: 0.00000, scale_l2: 0.00000
model_loss: 0.61191, total_loss: 0.61191

05/09/2024 04:31:45 PM - DFINE Logger - INFO - Epoch 60, TRAIN
1_step_mse: 0.15059
2_steps_mse: 0.15085
3_steps_mse: 0.15127
4_steps_mse: 0.15179
reg_loss: 0.00000, scale_l2: 0.00000
model_loss: 0.60451, total_loss: 0.60451

05/09/2024 04:31:46 PM - DFINE Logger - INFO - Epoch 60, VALID
1_step_mse: 0.15210
2_steps_mse: 0.15241
3_steps_mse: 0.15282
4_steps_mse: 0.15332
reg_loss: 0.00000, scale_l2: 0.00000
model_loss: 0.61065, total_loss: 0.61065

05/09/2024 04:32:39 PM - DFINE Logger - INFO - Epoch 70, TRAIN
1_step_mse: 0.15043
2_steps_mse: 0.15073
3_steps_mse: 0.15115
4_steps_mse: 0.15165
reg_loss: 0.00000, scale_l2: 0.00000
model_loss: 0.60395, total_loss: 0.60395

05/09/2024 04:32:40 PM - DFINE Logger - INFO - Epoch 70, VALID
1_step_mse: 0.15175
2_steps_mse: 0.15214
3_steps_mse: 0.15262
4_steps_mse: 0.15317
reg_loss: 0.00000, scale_l2: 0.00000
model_loss: 0.60969, total_loss: 0.60969

05/09/2024 04:33:32 PM - DFINE Logger - INFO - Epoch 80, TRAIN
1_step_mse: 0.15090
2_steps_mse: 0.15130
3_steps_mse: 0.15180
4_steps_mse: 0.15237
reg_loss: 0.00000, scale_l2: 0.00000
model_loss: 0.60638, total_loss: 0.60638

05/09/2024 04:33:33 PM - DFINE Logger - INFO - Epoch 80, VALID
1_step_mse: 0.15345
2_steps_mse: 0.15402
3_steps_mse: 0.15467
4_steps_mse: 0.15539
reg_loss: 0.00000, scale_l2: 0.00000
model_loss: 0.61753, total_loss: 0.61753

05/09/2024 04:34:22 PM - DFINE Logger - INFO - Epoch 90, TRAIN
1_step_mse: 0.15009
2_steps_mse: 0.15044
3_steps_mse: 0.15087
4_steps_mse: 0.15135
reg_loss: 0.00000, scale_l2: 0.00000
model_loss: 0.60275, total_loss: 0.60275

05/09/2024 04:34:22 PM - DFINE Logger - INFO - Epoch 90, VALID
1_step_mse: 0.15174
2_steps_mse: 0.15215
3_steps_mse: 0.15261
4_steps_mse: 0.15312
reg_loss: 0.00000, scale_l2: 0.00000
model_loss: 0.60962, total_loss: 0.60962

05/09/2024 04:35:20 PM - DFINE Logger - INFO - Epoch 100, TRAIN
1_step_mse: 0.14969
2_steps_mse: 0.15002
3_steps_mse: 0.15042
4_steps_mse: 0.15088
reg_loss: 0.00000, scale_l2: 0.00000
model_loss: 0.60101, total_loss: 0.60101

05/09/2024 04:35:30 PM - DFINE Logger - INFO - Epoch 100, VALID
1_step_mse: 0.15113
2_steps_mse: 0.15150
3_steps_mse: 0.15192
4_steps_mse: 0.15238
reg_loss: 0.00000, scale_l2: 0.00000
model_loss: 0.60692, total_loss: 0.60692

05/09/2024 04:36:20 PM - DFINE Logger - INFO - Epoch 110, TRAIN
1_step_mse: 0.14971
2_steps_mse: 0.15003
3_steps_mse: 0.15043
4_steps_mse: 0.15087
reg_loss: 0.00000, scale_l2: 0.00000
model_loss: 0.60104, total_loss: 0.60104

05/09/2024 04:36:21 PM - DFINE Logger - INFO - Epoch 110, VALID
1_step_mse: 0.15099
2_steps_mse: 0.15136
3_steps_mse: 0.15176
4_steps_mse: 0.15220
reg_loss: 0.00000, scale_l2: 0.00000
model_loss: 0.60630, total_loss: 0.60630

05/09/2024 04:37:12 PM - DFINE Logger - INFO - Epoch 120, TRAIN
1_step_mse: 0.15053
2_steps_mse: 0.15085
3_steps_mse: 0.15127
4_steps_mse: 0.15174
reg_loss: 0.00000, scale_l2: 0.00000
model_loss: 0.60439, total_loss: 0.60439

05/09/2024 04:37:12 PM - DFINE Logger - INFO - Epoch 120, VALID
1_step_mse: 0.15158
2_steps_mse: 0.15184
3_steps_mse: 0.15214
4_steps_mse: 0.15252
reg_loss: 0.00000, scale_l2: 0.00000
model_loss: 0.60809, total_loss: 0.60809

05/09/2024 04:38:02 PM - DFINE Logger - INFO - Epoch 130, TRAIN
1_step_mse: 0.14964
2_steps_mse: 0.14996
3_steps_mse: 0.15036
4_steps_mse: 0.15080
reg_loss: 0.00000, scale_l2: 0.00000
model_loss: 0.60075, total_loss: 0.60075

05/09/2024 04:38:02 PM - DFINE Logger - INFO - Epoch 130, VALID
1_step_mse: 0.15114
2_steps_mse: 0.15154
3_steps_mse: 0.15199
4_steps_mse: 0.15248
reg_loss: 0.00000, scale_l2: 0.00000
model_loss: 0.60715, total_loss: 0.60715

05/09/2024 04:38:54 PM - DFINE Logger - INFO - Epoch 140, TRAIN
1_step_mse: 0.14949
2_steps_mse: 0.14983
3_steps_mse: 0.15022
4_steps_mse: 0.15065
reg_loss: 0.00000, scale_l2: 0.00000
model_loss: 0.60019, total_loss: 0.60019

05/09/2024 04:38:55 PM - DFINE Logger - INFO - Epoch 140, VALID
1_step_mse: 0.15091
2_steps_mse: 0.15130
3_steps_mse: 0.15172
4_steps_mse: 0.15218
reg_loss: 0.00000, scale_l2: 0.00000
model_loss: 0.60610, total_loss: 0.60610

05/09/2024 04:39:55 PM - DFINE Logger - INFO - Epoch 150, TRAIN
1_step_mse: 0.14956
2_steps_mse: 0.14990
3_steps_mse: 0.15028
4_steps_mse: 0.15072
reg_loss: 0.00000, scale_l2: 0.00000
model_loss: 0.60045, total_loss: 0.60045

05/09/2024 04:40:05 PM - DFINE Logger - INFO - Epoch 150, VALID
1_step_mse: 0.15100
2_steps_mse: 0.15138
3_steps_mse: 0.15180
4_steps_mse: 0.15226
reg_loss: 0.00000, scale_l2: 0.00000
model_loss: 0.60643, total_loss: 0.60643

05/09/2024 04:40:57 PM - DFINE Logger - INFO - Epoch 160, TRAIN
1_step_mse: 0.14982
2_steps_mse: 0.15019
3_steps_mse: 0.15062
4_steps_mse: 0.15109
reg_loss: 0.00000, scale_l2: 0.00000
model_loss: 0.60173, total_loss: 0.60173

05/09/2024 04:40:58 PM - DFINE Logger - INFO - Epoch 160, VALID
1_step_mse: 0.15158
2_steps_mse: 0.15205
3_steps_mse: 0.15256
4_steps_mse: 0.15311
reg_loss: 0.00000, scale_l2: 0.00000
model_loss: 0.60931, total_loss: 0.60931

05/09/2024 04:41:52 PM - DFINE Logger - INFO - Epoch 170, TRAIN
1_step_mse: 0.14941
2_steps_mse: 0.14976
3_steps_mse: 0.15016
4_steps_mse: 0.15060
reg_loss: 0.00000, scale_l2: 0.00000
model_loss: 0.59993, total_loss: 0.59993

05/09/2024 04:41:53 PM - DFINE Logger - INFO - Epoch 170, VALID
1_step_mse: 0.15090
2_steps_mse: 0.15127
3_steps_mse: 0.15168
4_steps_mse: 0.15212
reg_loss: 0.00000, scale_l2: 0.00000
model_loss: 0.60596, total_loss: 0.60596

05/09/2024 04:42:47 PM - DFINE Logger - INFO - Epoch 180, TRAIN
1_step_mse: 0.14949
2_steps_mse: 0.14984
3_steps_mse: 0.15023
4_steps_mse: 0.15067
reg_loss: 0.00000, scale_l2: 0.00000
model_loss: 0.60022, total_loss: 0.60022

05/09/2024 04:42:47 PM - DFINE Logger - INFO - Epoch 180, VALID
1_step_mse: 0.15111
2_steps_mse: 0.15148
3_steps_mse: 0.15187
4_steps_mse: 0.15231
reg_loss: 0.00000, scale_l2: 0.00000
model_loss: 0.60677, total_loss: 0.60677

05/09/2024 04:43:41 PM - DFINE Logger - INFO - Epoch 190, TRAIN
1_step_mse: 0.14930
2_steps_mse: 0.14964
3_steps_mse: 0.15003
4_steps_mse: 0.15046
reg_loss: 0.00000, scale_l2: 0.00000
model_loss: 0.59944, total_loss: 0.59944

05/09/2024 04:43:42 PM - DFINE Logger - INFO - Epoch 190, VALID
1_step_mse: 0.15075
2_steps_mse: 0.15114
3_steps_mse: 0.15156
4_steps_mse: 0.15202
reg_loss: 0.00000, scale_l2: 0.00000
model_loss: 0.60547, total_loss: 0.60547

05/09/2024 04:44:41 PM - DFINE Logger - INFO - Epoch 200, TRAIN
1_step_mse: 0.14936
2_steps_mse: 0.14969
3_steps_mse: 0.15008
4_steps_mse: 0.15051
reg_loss: 0.00000, scale_l2: 0.00000
model_loss: 0.59964, total_loss: 0.59964

05/09/2024 04:44:51 PM - DFINE Logger - INFO - Epoch 200, VALID
1_step_mse: 0.15068
2_steps_mse: 0.15107
3_steps_mse: 0.15150
4_steps_mse: 0.15196
reg_loss: 0.00000, scale_l2: 0.00000
model_loss: 0.60520, total_loss: 0.60520

