05/20/2024 10:11:44 PM - DFINE Logger - INFO - Epoch 1, TRAIN
1_step_mse: 0.87243
2_steps_mse: 0.89162
3_steps_mse: 0.92845
4_steps_mse: 0.97031
reg_loss: 0.00000, scale_l2: 0.00000
model_loss: 3.66280, total_loss: 3.66280

05/20/2024 10:12:24 PM - DFINE Logger - INFO - Epoch 1, VALID
1_step_mse: 1.21571
2_steps_mse: 1.24766
3_steps_mse: 1.28593
4_steps_mse: 1.36214
reg_loss: 0.00000, scale_l2: 0.00000
model_loss: 5.11145, total_loss: 5.11145

05/20/2024 10:28:29 PM - DFINE Logger - INFO - Epoch 1, TRAIN
1_step_mse: 0.91913
2_steps_mse: 0.92454
3_steps_mse: 0.93756
4_steps_mse: 0.98871
reg_loss: 0.00000, scale_l2: 0.00000
model_loss: 3.76994, total_loss: 3.76994

05/20/2024 10:29:09 PM - DFINE Logger - INFO - Epoch 1, VALID
1_step_mse: 1.25809
2_steps_mse: 1.28219
3_steps_mse: 1.34628
4_steps_mse: 1.42473
reg_loss: 0.00000, scale_l2: 0.00000
model_loss: 5.31128, total_loss: 5.31128

05/20/2024 11:44:55 PM - DFINE Logger - INFO - Epoch 1, TRAIN
1_step_mse: 0.85369
2_steps_mse: 0.89464
3_steps_mse: 1.02529
4_steps_mse: 1.04774
reg_loss: 0.00000, scale_l2: 0.00000
model_loss: 3.82136, total_loss: 3.82136

05/20/2024 11:47:56 PM - DFINE Logger - INFO - Epoch 1, VALID
1_step_mse: 2.56378
2_steps_mse: 2.65214
3_steps_mse: 2.88818
4_steps_mse: 2.97752
reg_loss: 0.00000, scale_l2: 0.00000
model_loss: 11.08163, total_loss: 11.08163

05/20/2024 11:54:43 PM - DFINE Logger - INFO - Epoch 1, TRAIN
1_step_mse: 0.84909
2_steps_mse: 0.88933
3_steps_mse: 1.02477
4_steps_mse: 1.04712
reg_loss: 0.00000, scale_l2: 0.00000
model_loss: 3.81031, total_loss: 3.81031

05/20/2024 11:57:41 PM - DFINE Logger - INFO - Epoch 1, VALID
1_step_mse: 2.55884
2_steps_mse: 2.64599
3_steps_mse: 2.88007
4_steps_mse: 2.96900
reg_loss: 0.00000, scale_l2: 0.00000
model_loss: 11.05391, total_loss: 11.05391

05/21/2024 12:07:19 AM - DFINE Logger - INFO - Epoch 1, TRAIN
1_step_mse: 0.84081
2_steps_mse: 0.88124
3_steps_mse: 1.02229
4_steps_mse: 1.04420
reg_loss: 0.00000, scale_l2: 0.00000
model_loss: 3.78854, total_loss: 3.78854

05/21/2024 12:11:18 AM - DFINE Logger - INFO - Epoch 1, TRAIN
1_step_mse: 0.83720
2_steps_mse: 0.87746
3_steps_mse: 1.02138
4_steps_mse: 1.04337
reg_loss: 0.00000, scale_l2: 0.00000
model_loss: 3.77941, total_loss: 3.77941

05/21/2024 12:14:27 AM - DFINE Logger - INFO - Epoch 1, VALID
1_step_mse: 2.55972
2_steps_mse: 2.64522
3_steps_mse: 2.87794
4_steps_mse: 2.96670
reg_loss: 0.00000, scale_l2: 0.00000
model_loss: 11.04958, total_loss: 11.04958

05/21/2024 01:40:50 AM - DFINE Logger - INFO - Epoch 1, TRAIN
1_step_mse: 0.83094
2_steps_mse: 0.87053
3_steps_mse: 1.02043
4_steps_mse: 1.04256
reg_loss: 0.00000, scale_l2: 0.00000
model_loss: 3.76446, total_loss: 3.76446

05/21/2024 01:43:57 AM - DFINE Logger - INFO - Epoch 1, VALID
1_step_mse: 2.56256
2_steps_mse: 2.64679
3_steps_mse: 2.87834
4_steps_mse: 2.96698
reg_loss: 0.00000, scale_l2: 0.00000
model_loss: 11.05469, total_loss: 11.05469

05/21/2024 01:57:24 AM - DFINE Logger - INFO - Epoch 1, TRAIN
1_step_mse: 0.81808
2_steps_mse: 0.85588
3_steps_mse: 1.01796
4_steps_mse: 1.03971
reg_loss: 0.00000, scale_l2: 0.00000
model_loss: 3.73163, total_loss: 3.73163

05/21/2024 02:00:30 AM - DFINE Logger - INFO - Epoch 1, VALID
1_step_mse: 2.56946
2_steps_mse: 2.64912
3_steps_mse: 2.87707
4_steps_mse: 2.96559
reg_loss: 0.00000, scale_l2: 0.00000
model_loss: 11.06122, total_loss: 11.06122

05/21/2024 02:23:06 AM - DFINE Logger - INFO - Epoch 10, TRAIN
1_step_mse: 0.79363
2_steps_mse: 0.82240
3_steps_mse: 1.01806
4_steps_mse: 1.03989
reg_loss: 0.00000, scale_l2: 0.00000
model_loss: 3.67399, total_loss: 3.67399

05/21/2024 02:25:55 AM - DFINE Logger - INFO - Epoch 10, VALID
1_step_mse: 2.60395
2_steps_mse: 2.66589
3_steps_mse: 2.87733
4_steps_mse: 2.96583
reg_loss: 0.00000, scale_l2: 0.00000
model_loss: 11.11297, total_loss: 11.11297

05/21/2024 02:53:22 AM - DFINE Logger - INFO - Epoch 20, TRAIN
1_step_mse: 0.78882
2_steps_mse: 0.79654
3_steps_mse: 1.01780
4_steps_mse: 1.03968
reg_loss: 0.00000, scale_l2: 0.00000
model_loss: 3.64284, total_loss: 3.64284

05/21/2024 02:56:34 AM - DFINE Logger - INFO - Epoch 20, VALID
1_step_mse: 2.65999
2_steps_mse: 2.69319
3_steps_mse: 2.87665
4_steps_mse: 2.96530
reg_loss: 0.00000, scale_l2: 0.00000
model_loss: 11.19513, total_loss: 11.19513

05/21/2024 03:24:31 AM - DFINE Logger - INFO - Epoch 30, TRAIN
1_step_mse: 0.79404
2_steps_mse: 0.78918
3_steps_mse: 1.01737
4_steps_mse: 1.03925
reg_loss: 0.00000, scale_l2: 0.00000
model_loss: 3.63984, total_loss: 3.63984

05/21/2024 03:27:40 AM - DFINE Logger - INFO - Epoch 30, VALID
1_step_mse: 2.68825
2_steps_mse: 2.70763
3_steps_mse: 2.87709
4_steps_mse: 2.96576
reg_loss: 0.00000, scale_l2: 0.00000
model_loss: 11.23874, total_loss: 11.23874

05/21/2024 03:53:33 AM - DFINE Logger - INFO - Epoch 40, TRAIN
1_step_mse: 0.79228
2_steps_mse: 0.78955
3_steps_mse: 1.01743
4_steps_mse: 1.03929
reg_loss: 0.00000, scale_l2: 0.00000
model_loss: 3.63855, total_loss: 3.63855

05/21/2024 03:56:25 AM - DFINE Logger - INFO - Epoch 40, VALID
1_step_mse: 2.68169
2_steps_mse: 2.70418
3_steps_mse: 2.87681
4_steps_mse: 2.96545
reg_loss: 0.00000, scale_l2: 0.00000
model_loss: 11.22812, total_loss: 11.22812

05/21/2024 04:22:15 AM - DFINE Logger - INFO - Epoch 50, TRAIN
1_step_mse: 0.78982
2_steps_mse: 0.79155
3_steps_mse: 1.01733
4_steps_mse: 1.03917
reg_loss: 0.00000, scale_l2: 0.00000
model_loss: 3.63787, total_loss: 3.63787

05/21/2024 04:25:17 AM - DFINE Logger - INFO - Epoch 50, VALID
1_step_mse: 2.67068
2_steps_mse: 2.69855
3_steps_mse: 2.87675
4_steps_mse: 2.96537
reg_loss: 0.00000, scale_l2: 0.00000
model_loss: 11.21134, total_loss: 11.21134

